0 info it worked if it ends with ok
1 verbose cli [ '/home/adam/.nvm/versions/node/v6.11.2/bin/node',
1 verbose cli   '/home/adam/.nvm/versions/node/v6.11.2/bin/npm',
1 verbose cli   'start' ]
2 info using npm@3.10.10
3 info using node@v6.11.2
4 verbose run-script [ 'prestart', 'start', 'poststart' ]
5 info lifecycle edi-cam@~prestart: edi-cam@
6 silly lifecycle edi-cam@~prestart: no script for prestart, continuing
7 info lifecycle edi-cam@~start: edi-cam@
8 verbose lifecycle edi-cam@~start: unsafe-perm in lifecycle true
9 verbose lifecycle edi-cam@~start: PATH: /home/adam/.nvm/versions/node/v6.11.2/lib/node_modules/npm/bin/node-gyp-bin:/home/adam/Dev/face-detection-node-opencv/server/node_modules/.bin:/home/adam/.nvm/versions/node/v6.11.2/bin:/home/adam/bin:/home/adam/.local/bin:/usr/local/sbin:/usr/local/bin:/usr/sbin:/usr/bin:/sbin:/bin:/usr/games:/usr/local/games:/snap/bin:/usr/lib/jvm/java-8-oracle/bin:/usr/lib/jvm/java-8-oracle/db/bin:/usr/lib/jvm/java-8-oracle/jre/bin:/home/adam/.rvm/bin:/home/adam/.rvm/bin
10 verbose lifecycle edi-cam@~start: CWD: /home/adam/Dev/face-detection-node-opencv/server
11 silly lifecycle edi-cam@~start: Args: [ '-c', 'node server.js' ]
12 silly lifecycle edi-cam@~start: Returned: code: 1  signal: null
13 info lifecycle edi-cam@~start: Failed to exec start script
14 verbose stack Error: edi-cam@ start: `node server.js`
14 verbose stack Exit status 1
14 verbose stack     at EventEmitter.<anonymous> (/home/adam/.nvm/versions/node/v6.11.2/lib/node_modules/npm/lib/utils/lifecycle.js:255:16)
14 verbose stack     at emitTwo (events.js:106:13)
14 verbose stack     at EventEmitter.emit (events.js:191:7)
14 verbose stack     at ChildProcess.<anonymous> (/home/adam/.nvm/versions/node/v6.11.2/lib/node_modules/npm/lib/utils/spawn.js:40:14)
14 verbose stack     at emitTwo (events.js:106:13)
14 verbose stack     at ChildProcess.emit (events.js:191:7)
14 verbose stack     at maybeClose (internal/child_process.js:891:16)
14 verbose stack     at Process.ChildProcess._handle.onexit (internal/child_process.js:226:5)
15 verbose pkgid edi-cam@
16 verbose cwd /home/adam/Dev/face-detection-node-opencv/server
17 error Linux 4.10.0-33-generic
18 error argv "/home/adam/.nvm/versions/node/v6.11.2/bin/node" "/home/adam/.nvm/versions/node/v6.11.2/bin/npm" "start"
19 error node v6.11.2
20 error npm  v3.10.10
21 error code ELIFECYCLE
22 error edi-cam@ start: `node server.js`
22 error Exit status 1
23 error Failed at the edi-cam@ start script 'node server.js'.
23 error Make sure you have the latest version of node.js and npm installed.
23 error If you do, this is most likely a problem with the edi-cam package,
23 error not with npm itself.
23 error Tell the author that this fails on your system:
23 error     node server.js
23 error You can get information on how to open an issue for this project with:
23 error     npm bugs edi-cam
23 error Or if that isn't available, you can get their info via:
23 error     npm owner ls edi-cam
23 error There is likely additional logging output above.
24 verbose exit [ 1, true ]
